Whatsapp/YenTamChatApp/build/outputs/mapping/release/seeds.txt
com.parse.starter.BuildConfig
com.parse.starter.BuildConfig: boolean DEBUG
com.parse.starter.BuildConfig: java.lang.String APPLICATION_ID
com.parse.starter.BuildConfig: java.lang.String BUILD_TYPE
com.parse.starter.BuildConfig: java.lang.String FLAVOR
com.parse.starter.BuildConfig: int VERSION_CODE
com.parse.starter.BuildConfig: java.lang.String VERSION_NAME
com.parse.starter.BuildConfig: BuildConfig()
com.parse.starter.ChatActivity
com.parse.starter.ChatActivity: java.lang.String activeUser
com.parse.starter.ChatActivity: java.util.ArrayList messages
com.parse.starter.ChatActivity: android.os.Handler handler
com.parse.starter.ChatActivity: com.github.bassaer.chatmessageview.views.ChatView mChatView
com.parse.starter.ChatActivity: java.util.Date date
com.parse.starter.ChatActivity: ChatActivity()
com.parse.starter.ChatActivity: void onCreate(android.os.Bundle)
com.parse.starter.ChatActivity: java.util.Calendar toCalendar(java.util.Date)
com.parse.starter.ChatActivity: java.util.Calendar access$000(java.util.Date)
com.parse.starter.ChatActivity$1
com.parse.starter.ChatActivity$1: com.parse.starter.ChatActivity this$0
com.parse.starter.ChatActivity$1: ChatActivity$1(com.parse.starter.ChatActivity)
com.parse.starter.ChatActivity$1: void onClick(android.view.View)
com.parse.starter.ChatActivity$1$1
com.parse.starter.ChatActivity$1$1: java.lang.String val$messageContent
com.parse.starter.ChatActivity$1$1: com.parse.starter.ChatActivity$1 this$1
com.parse.starter.ChatActivity$1$1: ChatActivity$1$1(com.parse.starter.ChatActivity$1,java.lang.String)
com.parse.starter.ChatActivity$1$1: void done(com.parse.ParseException)
com.parse.starter.ChatActivity$1$1: void done(java.lang.Throwable)
com.parse.starter.ChatActivity$2
com.parse.starter.ChatActivity$2: com.github.bassaer.chatmessageview.models.User val$you
com.parse.starter.ChatActivity$2: com.github.bassaer.chatmessageview.models.User val$me
com.parse.starter.ChatActivity$2: com.parse.starter.ChatActivity this$0
com.parse.starter.ChatActivity$2: ChatActivity$2(com.parse.starter.ChatActivity,com.github.bassaer.chatmessageview.models.User,com.github.bassaer.chatmessageview.models.User)
com.parse.starter.ChatActivity$2: void run()
com.parse.starter.ChatActivity$2$1
com.parse.starter.ChatActivity$2$1: com.parse.starter.ChatActivity$2 this$1
com.parse.starter.ChatActivity$2$1: ChatActivity$2$1(com.parse.starter.ChatActivity$2)
com.parse.starter.ChatActivity$2$1: void done(java.util.List,com.parse.ParseException)
com.parse.starter.ChatActivity$2$1: void done(java.lang.Object,java.lang.Throwable)
com.parse.starter.MainActivity
com.parse.starter.MainActivity: java.lang.Boolean loginModeActive
com.parse.starter.MainActivity: android.widget.EditText reEnterPasswordEditText
com.parse.starter.MainActivity: MainActivity()
com.parse.starter.MainActivity: void redirectIfLoggedIn()
com.parse.starter.MainActivity: void toggleLoginMode(android.view.View)
com.parse.starter.MainActivity: void signupLogin(android.view.View)
com.parse.starter.MainActivity: void onCreate(android.os.Bundle)
com.parse.starter.MainActivity$1
com.parse.starter.MainActivity$1: com.parse.starter.MainActivity this$0
com.parse.starter.MainActivity$1: MainActivity$1(com.parse.starter.MainActivity)
com.parse.starter.MainActivity$1: void done(com.parse.ParseUser,com.parse.ParseException)
com.parse.starter.MainActivity$1: void done(java.lang.Object,java.lang.Throwable)
com.parse.starter.MainActivity$2
com.parse.starter.MainActivity$2: com.parse.starter.MainActivity this$0
com.parse.starter.MainActivity$2: MainActivity$2(com.parse.starter.MainActivity)
com.parse.starter.MainActivity$2: void done(com.parse.ParseException)
com.parse.starter.MainActivity$2: void done(java.lang.Throwable)
com.parse.starter.Manifest
com.parse.starter.Manifest: Manifest()
com.parse.starter.Manifest$permission
com.parse.starter.Manifest$permission: java.lang.String C2D_MESSAGE
com.parse.starter.Manifest$permission: Manifest$permission()
...
com.parse.ParseRequest$4$1$1
com.parse.ParseRequest$4$1$1: com.parse.ParseRequest$4$1 this$2
com.parse.ParseRequest$4$1$1: ParseRequest$4$1$1(com.parse.ParseRequest$4$1)
com.parse.ParseRequest$4$1$1: bolts.Task then(bolts.Task)
com.parse.ParseRequest$4$1$1: java.lang.Object then(bolts.Task)
com.parse.ParseRequest$5
com.parse.ParseRequest$5: int[] $SwitchMap$com$parse$http$ParseHttpRequest$Method
com.parse.ParseRequest$5: void <clinit>()
com.parse.ParseRequest$ParseRequestException
com.parse.ParseRequest$ParseRequestException: boolean isPermanentFailure
com.parse.ParseRequest$ParseRequestException: ParseRequest$ParseRequestException(int,java.lang.String)
com.parse.ParseRequest$ParseRequestException: ParseRequest$ParseRequestException(int,java.lang.String,java.lang.Throwable)
com.parse.ParseRole
com.parse.ParseRole: java.util.regex.Pattern NAME_PATTERN
com.parse.ParseRole: ParseRole()
com.parse.ParseRole: ParseRole(java.lang.String)
com.parse.ParseRole: ParseRole(java.lang.String,com.parse.ParseACL)
com.parse.ParseRole: void setName(java.lang.String)
com.parse.ParseRole: java.lang.String getName()
com.parse.ParseRole: com.parse.ParseRelation getUsers()
com.parse.ParseRole: com.parse.ParseRelation getRoles()
com.parse.ParseRole: void validateSave()
com.parse.ParseRole: void put(java.lang.String,java.lang.Object)
com.parse.ParseRole: com.parse.ParseQuery getQuery()
com.parse.ParseRole: void <clinit>()
com.parse.ParseSQLiteCursor
com.parse.ParseSQLiteCursor: android.database.Cursor cursor
com.parse.ParseSQLiteCursor: java.util.concurrent.Executor executor
com.parse.ParseSQLiteCursor: android.database.Cursor create(android.database.Cursor,java.util.concurrent.Executor)
com.parse.ParseSQLiteCursor: ParseSQLiteCursor(android.database.Cursor,java.util.concurrent.Executor)
com.parse.ParseSQLiteCursor: int getCount()
com.parse.ParseSQLiteCursor: int getPosition()
com.parse.ParseSQLiteCursor: boolean move(int)
com.parse.ParseSQLiteCursor: boolean moveToPosition(int)
com.parse.ParseSQLiteCursor: boolean moveToFirst()
com.parse.ParseSQLiteCursor: boolean moveToLast()
com.parse.ParseSQLiteCursor: boolean moveToNext()
com.parse.ParseSQLiteCursor: boolean moveToPrevious()
com.parse.ParseSQLiteCursor: boolean isFirst()
com.parse.ParseSQLiteCursor: boolean isLast()
com.parse.ParseSQLiteCursor: boolean isBeforeFirst()
com.parse.ParseSQLiteCursor: boolean isAfterLast()
com.parse.ParseSQLiteCursor: int getColumnIndex(java.lang.String)
com.parse.ParseSQLiteCursor: int getColumnIndexOrThrow(java.lang.String)
com.parse.ParseSQLiteCursor: java.lang.String getColumnName(int)
com.parse.ParseSQLiteCursor: java.lang.String[] getColumnNames()
com.parse.ParseSQLiteCursor: int getColumnCount()
com.parse.ParseSQLiteCursor: byte[] getBlob(int)
com.parse.ParseSQLiteCursor: java.lang.String getString(int)
com.parse.ParseSQLiteCursor: void copyStringToBuffer(int,android.database.CharArrayBuffer)
com.parse.ParseSQLiteCursor$1
com.parse.ParseSQLiteCursor$1: com.parse.ParseSQLiteCursor this$0
com.parse.ParseSQLiteCursor$1: ParseSQLiteCursor$1(com.parse.ParseSQLiteCursor)
com.parse.ParseSQLiteCursor$1: java.lang.Void call()
com.parse.ParseSQLiteCursor$1: java.lang.Object call()