Whatsapp/YenTamChatApp/build/outputs/mapping/release/mapping.txt
com.parse.starter.ChatActivity -> com.parse.starter.ChatActivity:
    java.lang.String activeUser -> activeUser
    java.util.ArrayList messages -> messages
    android.os.Handler handler -> handler
    com.github.bassaer.chatmessageview.views.ChatView mChatView -> mChatView
    java.util.Date date -> date
    45:55:void <init>() -> <init>
    61:252:void onCreate(android.os.Bundle) -> onCreate
    256:258:java.util.Calendar toCalendar(java.util.Date) -> toCalendar
    45:45:java.util.Calendar access$000(java.util.Date) -> access$000
com.parse.starter.ChatActivity$1 -> com.parse.starter.ChatActivity$1:
    com.parse.starter.ChatActivity this$0 -> this$0
    103:103:void <init>(com.parse.starter.ChatActivity) -> <init>
    106:129:void onClick(android.view.View) -> onClick
com.parse.starter.ChatActivity$1$1 -> com.parse.starter.ChatActivity$1$1:
    java.lang.String val$messageContent -> val$messageContent
    com.parse.starter.ChatActivity$1 this$1 -> this$1
    113:113:void <init>(com.parse.starter.ChatActivity$1,java.lang.String) -> <init>
    117:123:void done(com.parse.ParseException) -> done
    113:113:void done(java.lang.Throwable) -> done
com.parse.starter.ChatActivity$2 -> com.parse.starter.ChatActivity$2:
    com.github.bassaer.chatmessageview.models.User val$you -> val$you
    com.github.bassaer.chatmessageview.models.User val$me -> val$me
    com.parse.starter.ChatActivity this$0 -> this$0
    142:142:void <init>(com.parse.starter.ChatActivity,com.github.bassaer.chatmessageview.models.User,com.github.bassaer.chatmessageview.models.User) -> <init>
    147:246:void run() -> run
com.parse.starter.ChatActivity$2$1 -> com.parse.starter.ChatActivity$2$1:
    com.parse.starter.ChatActivity$2 this$1 -> this$1
    187:187:void <init>(com.parse.starter.ChatActivity$2) -> <init>
    191:240:void done(java.util.List,com.parse.ParseException) -> done
    187:187:void done(java.lang.Object,java.lang.Throwable) -> done
com.parse.starter.MainActivity -> com.parse.starter.MainActivity:
    java.lang.Boolean loginModeActive -> loginModeActive
    android.widget.EditText reEnterPasswordEditText -> reEnterPasswordEditText
    35:37:void <init>() -> <init>
    44:51:void redirectIfLoggedIn() -> redirectIfLoggedIn
    56:80:void toggleLoginMode(android.view.View) -> toggleLoginMode
    84:166:void signupLogin(android.view.View) -> signupLogin
    170:178:void onCreate(android.os.Bundle) -> onCreate
com.parse.starter.MainActivity$1 -> com.parse.starter.MainActivity$1:
    com.parse.starter.MainActivity this$0 -> this$0
    91:91:void <init>(com.parse.starter.MainActivity) -> <init>
    95:118:void done(com.parse.ParseUser,com.parse.ParseException) -> done
    91:91:void done(java.lang.Object,java.lang.Throwable) -> done
com.parse.starter.MainActivity$2 -> com.parse.starter.MainActivity$2:
    com.parse.starter.MainActivity this$0 -> this$0
    133:133:void <init>(com.parse.starter.MainActivity) -> <init>
    137:157:void done(com.parse.ParseException) -> done
    133:133:void done(java.lang.Throwable) -> done
com.parse.starter.StarterApplication -> com.parse.starter.StarterApplication:
    25:25:void <init>() -> <init>
    29:50:void onCreate() -> onCreate
com.parse.starter.UserListActivity -> com.parse.starter.UserListActivity:
    java.util.ArrayList users -> users
    android.widget.ArrayAdapter arrayAdapter -> arrayAdapter
    25:27:void <init>() -> <init>
    33:102:void onCreate(android.os.Bundle) -> onCreate
com.parse.starter.UserListActivity$1 -> com.parse.starter.UserListActivity$1:
    com.parse.starter.UserListActivity this$0 -> this$0
    40:40:void <init>(com.parse.starter.UserListActivity) -> <init>
    44:50:void onItemClick(android.widget.AdapterView,android.view.View,int,long) -> onItemClick
...
com.google.android.gms.internal.zzjo -> com.google.android.gms.b.rf:
    void zzci(java.lang.String) -> a
    void zzj(android.view.View) -> a
    void zzcj(java.lang.String) -> b
    void zzrx() -> a
com.google.android.gms.internal.zzjp -> com.google.android.gms.b.rg:
    com.google.android.gms.internal.zzjo zza(android.content.Context,com.google.android.gms.ads.internal.request.AdResponseParcel) -> a
com.google.android.gms.internal.zzjq -> com.google.android.gms.b.rh:
    java.lang.String zzck(java.lang.String) -> a
com.google.android.gms.internal.zzjr -> com.google.android.gms.b.ri:
    void <init>() -> <init>
    java.lang.String zzck(java.lang.String) -> a
com.google.android.gms.internal.zzjs -> com.google.android.gms.b.rj:
    void <init>() -> <init>
    java.lang.String zzf(com.google.android.gms.ads.internal.request.AdRequestInfoParcel) -> a
com.google.android.gms.internal.zzjt -> com.google.android.gms.b.rk:
    java.lang.String zzf(com.google.android.gms.ads.internal.request.AdRequestInfoParcel) -> a
com.google.android.gms.internal.zzju -> com.google.android.gms.b.rl:
    com.google.android.gms.ads.internal.client.AdRequestParcel zzcar -> a
    com.google.android.gms.internal.zzlh zzbtm -> b
    java.util.List zzbnm -> c
    int errorCode -> d
    java.util.List zzbnn -> e
    java.util.List zzcca -> f
    int orientation -> g
    long zzbns -> h
    java.lang.String zzcau -> i
    org.json.JSONObject zzcie -> j
    boolean zzccq -> k
    com.google.android.gms.ads.internal.request.AutoClickProtectionConfigurationParcel zzccr -> l
    boolean zzcif -> m
    boolean zzcby -> n
    com.google.android.gms.internal.zzfz zzbon -> o
    com.google.android.gms.internal.zzgk zzboo -> p
    java.lang.String zzbop -> q
    com.google.android.gms.internal.zzga zzcig -> r
    com.google.android.gms.internal.zzgc zzboq -> s
    long zzcbz -> t
    java.lang.String zzcih -> u
    com.google.android.gms.ads.internal.client.AdSizeParcel zzcii -> v
    long zzcbx -> w
    com.google.android.gms.ads.internal.reward.mediation.client.RewardItemParcel zzccn -> x
    java.util.List zzcij -> y
    java.util.List zzccp -> z
    long zzcik -> A
    long zzcil -> B
    java.lang.String zzccd -> C
    com.google.android.gms.ads.internal.formats.zzh$zza zzcim -> D
    boolean zzcin -> E
    boolean zzcio -> F
    java.util.List zzbnp -> G
com.google.android.gms.internal.zzju$zza -> com.google.android.gms.b.rl$a:
    com.google.android.gms.ads.internal.request.AdRequestInfoParcel zzcip -> a
    com.google.android.gms.ads.internal.request.AdResponseParcel zzciq -> b
    com.google.android.gms.internal.zzga zzcig -> c
    com.google.android.gms.ads.internal.client.AdSizeParcel zzapa -> d
    int errorCode -> e
    long zzcik -> f
    long zzcil -> g
    org.json.JSONObject zzcie -> h
    void <init>(com.google.android.gms.ads.internal.request.AdRequestInfoParcel,com.google.android.gms.ads.internal.request.AdResponseParcel,com.google.android.gms.internal.zzga,com.google.android.gms.ads.internal.client.AdSizeParcel,int,long,long,org.json.JSONObject) -> <init>
com.google.android.gms.internal.zzjv -> com.google.android.gms.b.rm:
    com.google.android.gms.internal.zzjx zzaob -> a
    java.util.LinkedList zzcir -> b
    java.lang.Object zzail -> c
    java.lang.String zzcis -> d
    java.lang.String zzcit -> e
    long zzciu -> f
    long zzciv -> g
    boolean zzcfa -> h
    long zzciw -> i
    long zzcix -> j
    long zzciy -> k
    long zzciz -> l
    void <init>(java.lang.String,java.lang.String) -> <init>
    void <init>(com.google.android.gms.internal.zzjx,java.lang.String,java.lang.String) -> <init>
    void zzq(com.google.android.gms.ads.internal.client.AdRequestParcel) -> a
    void zzl(long) -> a
    void zzm(long) -> b
    void zzry() -> a
    void zzrz() -> b
    void zzsa() -> c
    void zzac(boolean) -> a
    void zzad(boolean) -> b
    android.os.Bundle toBundle() -> d